d:\gnuhome\projects\gamingaids\nightsky\cadlib\bin\debug\cadio\cadio.pch
d:\gnuhome\projects\gamingaids\nightsky\cadlib\bin\debug\cadio\vc142.pdb
d:\gnuhome\projects\gamingaids\nightsky\cadlib\cadio\x64\debug\stdafx.sbr
d:\gnuhome\projects\gamingaids\nightsky\cadlib\bin\debug\cadio\stdafx.obj
d:\gnuhome\projects\gamingaids\nightsky\cadlib\cadio\x64\debug\drblocks.sbr
d:\gnuhome\projects\gamingaids\nightsky\cadlib\cadio\x64\debug\drentities.sbr
d:\gnuhome\projects\gamingaids\nightsky\cadlib\cadio\x64\debug\drtables.sbr
d:\gnuhome\projects\gamingaids\nightsky\cadlib\cadio\x64\debug\dwblocks.sbr
d:\gnuhome\projects\gamingaids\nightsky\cadlib\cadio\x64\debug\dwentities.sbr
d:\gnuhome\projects\gamingaids\nightsky\cadlib\cadio\x64\debug\dwtables.sbr
d:\gnuhome\projects\gamingaids\nightsky\cadlib\cadio\x64\debug\dxfbase.sbr
d:\gnuhome\projects\gamingaids\nightsky\cadlib\cadio\x64\debug\dxfread.sbr
d:\gnuhome\projects\gamingaids\nightsky\cadlib\cadio\x64\debug\dxfwrite.sbr
d:\gnuhome\projects\gamingaids\nightsky\cadlib\cadio\x64\debug\dimview.sbr
d:\gnuhome\projects\gamingaids\nightsky\cadlib\cadio\x64\debug\drwio.sbr
d:\gnuhome\projects\gamingaids\nightsky\cadlib\cadio\x64\debug\memdrw.sbr
d:\gnuhome\projects\gamingaids\nightsky\cadlib\cadio\x64\debug\textview.sbr
d:\gnuhome\projects\gamingaids\nightsky\cadlib\cadio\x64\debug\view.sbr
d:\gnuhome\projects\gamingaids\nightsky\cadlib\cadio\x64\debug\cadio.sbr
d:\gnuhome\projects\gamingaids\nightsky\cadlib\bin\debug\cadio\cadio.obj
d:\gnuhome\projects\gamingaids\nightsky\cadlib\bin\debug\cadio\view.obj
d:\gnuhome\projects\gamingaids\nightsky\cadlib\bin\debug\cadio\textview.obj
d:\gnuhome\projects\gamingaids\nightsky\cadlib\bin\debug\cadio\memdrw.obj
d:\gnuhome\projects\gamingaids\nightsky\cadlib\bin\debug\cadio\drwio.obj
d:\gnuhome\projects\gamingaids\nightsky\cadlib\bin\debug\cadio\dimview.obj
d:\gnuhome\projects\gamingaids\nightsky\cadlib\bin\debug\cadio\dxfwrite.obj
d:\gnuhome\projects\gamingaids\nightsky\cadlib\bin\debug\cadio\dxfread.obj
d:\gnuhome\projects\gamingaids\nightsky\cadlib\bin\debug\cadio\dxfbase.obj
d:\gnuhome\projects\gamingaids\nightsky\cadlib\bin\debug\cadio\dwtables.obj
d:\gnuhome\projects\gamingaids\nightsky\cadlib\bin\debug\cadio\dwentities.obj
d:\gnuhome\projects\gamingaids\nightsky\cadlib\bin\debug\cadio\dwblocks.obj
d:\gnuhome\projects\gamingaids\nightsky\cadlib\bin\debug\cadio\drtables.obj
d:\gnuhome\projects\gamingaids\nightsky\cadlib\bin\debug\cadio\drentities.obj
d:\gnuhome\projects\gamingaids\nightsky\cadlib\bin\debug\cadio\drblocks.obj
d:\gnuhome\projects\gamingaids\nightsky\cadlib\cadio\x64\debug\cadio.res
d:\gnuhome\projects\gamingaids\nightsky\cadlib\cadio\x64\debug\cadio.tlog\cl.command.1.tlog
d:\gnuhome\projects\gamingaids\nightsky\cadlib\cadio\x64\debug\cadio.tlog\cl.read.1.tlog
d:\gnuhome\projects\gamingaids\nightsky\cadlib\cadio\x64\debug\cadio.tlog\cl.write.1.tlog
d:\gnuhome\projects\gamingaids\nightsky\cadlib\cadio\x64\debug\cadio.tlog\link.command.1.tlog
d:\gnuhome\projects\gamingaids\nightsky\cadlib\cadio\x64\debug\cadio.tlog\link.read.1.tlog
d:\gnuhome\projects\gamingaids\nightsky\cadlib\cadio\x64\debug\cadio.tlog\link.write.1.tlog
d:\gnuhome\projects\gamingaids\nightsky\cadlib\cadio\x64\debug\cadio.tlog\rc.command.1.tlog
d:\gnuhome\projects\gamingaids\nightsky\cadlib\cadio\x64\debug\cadio.tlog\rc.read.1.tlog
d:\gnuhome\projects\gamingaids\nightsky\cadlib\cadio\x64\debug\cadio.tlog\rc.write.1.tlog
