d:\gnuhome\projects\gamingaids\nightsky\cadlib\bin\debug\cadio\cadio.bsc
d:\gnuhome\projects\gamingaids\nightsky\cadlib\bin\debug\cadio\cadio.lib
d:\gnuhome\projects\gamingaids\nightsky\cadlib\bin\debug\cadio\cadio.exp
d:\gnuhome\projects\gamingaids\nightsky\cadlib\bin\debug\cadio\cadio.pch
d:\gnuhome\projects\gamingaids\nightsky\cadlib\bin\debug\cadio\vc142.pdb
d:\gnuhome\projects\gamingaids\nightsky\cadlib\bin\debug\cadio\vc142.idb
d:\gnuhome\projects\gamingaids\nightsky\cadlib\bin\debug\cadio\stdafx.sbr
d:\gnuhome\projects\gamingaids\nightsky\cadlib\bin\debug\cadio\stdafx.obj
d:\gnuhome\projects\gamingaids\nightsky\cadlib\bin\debug\cadio\cadio.sbr
d:\gnuhome\projects\gamingaids\nightsky\cadlib\bin\debug\cadio\view.sbr
d:\gnuhome\projects\gamingaids\nightsky\cadlib\bin\debug\cadio\textview.sbr
d:\gnuhome\projects\gamingaids\nightsky\cadlib\bin\debug\cadio\memdrw.sbr
d:\gnuhome\projects\gamingaids\nightsky\cadlib\bin\debug\cadio\drwio.sbr
d:\gnuhome\projects\gamingaids\nightsky\cadlib\bin\debug\cadio\dimview.sbr
d:\gnuhome\projects\gamingaids\nightsky\cadlib\bin\debug\cadio\dxfwrite.sbr
d:\gnuhome\projects\gamingaids\nightsky\cadlib\bin\debug\cadio\dxfread.sbr
d:\gnuhome\projects\gamingaids\nightsky\cadlib\bin\debug\cadio\dxfbase.sbr
d:\gnuhome\projects\gamingaids\nightsky\cadlib\bin\debug\cadio\dwtables.sbr
d:\gnuhome\projects\gamingaids\nightsky\cadlib\bin\debug\cadio\dwentities.sbr
d:\gnuhome\projects\gamingaids\nightsky\cadlib\bin\debug\cadio\dwblocks.sbr
d:\gnuhome\projects\gamingaids\nightsky\cadlib\bin\debug\cadio\drtables.sbr
d:\gnuhome\projects\gamingaids\nightsky\cadlib\bin\debug\cadio\drentities.sbr
d:\gnuhome\projects\gamingaids\nightsky\cadlib\bin\debug\cadio\drblocks.sbr
d:\gnuhome\projects\gamingaids\nightsky\cadlib\bin\debug\cadio\drblocks.obj
d:\gnuhome\projects\gamingaids\nightsky\cadlib\bin\debug\cadio\drentities.obj
d:\gnuhome\projects\gamingaids\nightsky\cadlib\bin\debug\cadio\drtables.obj
d:\gnuhome\projects\gamingaids\nightsky\cadlib\bin\debug\cadio\dwblocks.obj
d:\gnuhome\projects\gamingaids\nightsky\cadlib\bin\debug\cadio\dwentities.obj
d:\gnuhome\projects\gamingaids\nightsky\cadlib\bin\debug\cadio\dwtables.obj
d:\gnuhome\projects\gamingaids\nightsky\cadlib\bin\debug\cadio\dxfbase.obj
d:\gnuhome\projects\gamingaids\nightsky\cadlib\bin\debug\cadio\dxfread.obj
d:\gnuhome\projects\gamingaids\nightsky\cadlib\bin\debug\cadio\dxfwrite.obj
d:\gnuhome\projects\gamingaids\nightsky\cadlib\bin\debug\cadio\dimview.obj
d:\gnuhome\projects\gamingaids\nightsky\cadlib\bin\debug\cadio\drwio.obj
d:\gnuhome\projects\gamingaids\nightsky\cadlib\bin\debug\cadio\memdrw.obj
d:\gnuhome\projects\gamingaids\nightsky\cadlib\bin\debug\cadio\textview.obj
d:\gnuhome\projects\gamingaids\nightsky\cadlib\bin\debug\cadio\view.obj
d:\gnuhome\projects\gamingaids\nightsky\cadlib\bin\debug\cadio\cadio.obj
d:\gnuhome\projects\gamingaids\nightsky\cadlib\bin\debug\cadio.ilk
d:\gnuhome\projects\gamingaids\nightsky\cadlib\bin\debug\cadio.dll
d:\gnuhome\projects\gamingaids\nightsky\cadlib\bin\debug\cadio\cadio.pdb
d:\gnuhome\projects\gamingaids\nightsky\cadlib\bin\debug\cadio\cadio.res
d:\gnuhome\projects\gamingaids\nightsky\cadlib\bin\debug\cadio\cadio.tlog\bscmake.command.1.tlog
d:\gnuhome\projects\gamingaids\nightsky\cadlib\bin\debug\cadio\cadio.tlog\bscmake.read.1.tlog
d:\gnuhome\projects\gamingaids\nightsky\cadlib\bin\debug\cadio\cadio.tlog\bscmake.write.1.tlog
d:\gnuhome\projects\gamingaids\nightsky\cadlib\bin\debug\cadio\cadio.tlog\cadio.write.1u.tlog
d:\gnuhome\projects\gamingaids\nightsky\cadlib\bin\debug\cadio\cadio.tlog\cl.command.1.tlog
d:\gnuhome\projects\gamingaids\nightsky\cadlib\bin\debug\cadio\cadio.tlog\cl.read.1.tlog
d:\gnuhome\projects\gamingaids\nightsky\cadlib\bin\debug\cadio\cadio.tlog\cl.write.1.tlog
d:\gnuhome\projects\gamingaids\nightsky\cadlib\bin\debug\cadio\cadio.tlog\link.command.1.tlog
d:\gnuhome\projects\gamingaids\nightsky\cadlib\bin\debug\cadio\cadio.tlog\link.read.1.tlog
d:\gnuhome\projects\gamingaids\nightsky\cadlib\bin\debug\cadio\cadio.tlog\link.write.1.tlog
d:\gnuhome\projects\gamingaids\nightsky\cadlib\bin\debug\cadio\cadio.tlog\rc.command.1.tlog
d:\gnuhome\projects\gamingaids\nightsky\cadlib\bin\debug\cadio\cadio.tlog\rc.read.1.tlog
d:\gnuhome\projects\gamingaids\nightsky\cadlib\bin\debug\cadio\cadio.tlog\rc.write.1.tlog
