d:\gnuhome\projects\gamingaids\nightsky\cadlib\bin\release\cadio\cadio.lib
d:\gnuhome\projects\gamingaids\nightsky\cadlib\bin\release\cadio\cadio.exp
d:\gnuhome\projects\gamingaids\nightsky\cadlib\bin\release\cadio\cadio.pch
d:\gnuhome\projects\gamingaids\nightsky\cadlib\bin\release\cadio\vc142.pdb
d:\gnuhome\projects\gamingaids\nightsky\cadlib\bin\release\cadio\stdafx.obj
d:\gnuhome\projects\gamingaids\nightsky\cadlib\bin\release\cadio\cadio.obj
d:\gnuhome\projects\gamingaids\nightsky\cadlib\bin\release\cadio\view.obj
d:\gnuhome\projects\gamingaids\nightsky\cadlib\bin\release\cadio\textview.obj
d:\gnuhome\projects\gamingaids\nightsky\cadlib\bin\release\cadio\memdrw.obj
d:\gnuhome\projects\gamingaids\nightsky\cadlib\bin\release\cadio\drwio.obj
d:\gnuhome\projects\gamingaids\nightsky\cadlib\bin\release\cadio\dimview.obj
d:\gnuhome\projects\gamingaids\nightsky\cadlib\bin\release\cadio\dxfwrite.obj
d:\gnuhome\projects\gamingaids\nightsky\cadlib\bin\release\cadio\dxfread.obj
d:\gnuhome\projects\gamingaids\nightsky\cadlib\bin\release\cadio\dxfbase.obj
d:\gnuhome\projects\gamingaids\nightsky\cadlib\bin\release\cadio\dwtables.obj
d:\gnuhome\projects\gamingaids\nightsky\cadlib\bin\release\cadio\dwentities.obj
d:\gnuhome\projects\gamingaids\nightsky\cadlib\bin\release\cadio\dwblocks.obj
d:\gnuhome\projects\gamingaids\nightsky\cadlib\bin\release\cadio\drtables.obj
d:\gnuhome\projects\gamingaids\nightsky\cadlib\bin\release\cadio\drentities.obj
d:\gnuhome\projects\gamingaids\nightsky\cadlib\bin\release\cadio\drblocks.obj
d:\gnuhome\projects\gamingaids\nightsky\cadlib\bin\release\cadio.dll
d:\gnuhome\projects\gamingaids\nightsky\x64\release\cadio.pdb
d:\gnuhome\projects\gamingaids\nightsky\cadlib\cadio\x64\release\cadio.res
d:\gnuhome\projects\gamingaids\nightsky\cadlib\cadio\x64\release\cadio.tlog\cadio.write.1u.tlog
d:\gnuhome\projects\gamingaids\nightsky\cadlib\cadio\x64\release\cadio.tlog\cl.command.1.tlog
d:\gnuhome\projects\gamingaids\nightsky\cadlib\cadio\x64\release\cadio.tlog\cl.read.1.tlog
d:\gnuhome\projects\gamingaids\nightsky\cadlib\cadio\x64\release\cadio.tlog\cl.write.1.tlog
d:\gnuhome\projects\gamingaids\nightsky\cadlib\cadio\x64\release\cadio.tlog\link.command.1.tlog
d:\gnuhome\projects\gamingaids\nightsky\cadlib\cadio\x64\release\cadio.tlog\link.delete.1.tlog
d:\gnuhome\projects\gamingaids\nightsky\cadlib\cadio\x64\release\cadio.tlog\link.read.1.tlog
d:\gnuhome\projects\gamingaids\nightsky\cadlib\cadio\x64\release\cadio.tlog\link.write.1.tlog
d:\gnuhome\projects\gamingaids\nightsky\cadlib\cadio\x64\release\cadio.tlog\rc.command.1.tlog
d:\gnuhome\projects\gamingaids\nightsky\cadlib\cadio\x64\release\cadio.tlog\rc.read.1.tlog
d:\gnuhome\projects\gamingaids\nightsky\cadlib\cadio\x64\release\cadio.tlog\rc.write.1.tlog
